2016-09-30 01:37:25,381 SBS INFO    begin SB study

2016-09-30 01:37:25,381 SBS INFO    WB module init complete
2016-09-30 01:37:25,381 SBS INFO    SB module init complete
2016-09-30 01:37:25,381 SBS INFO    about to get WB data...
2016-09-30 01:37:25,381 SBS INFO    about to get SB data...
2016-09-30 01:37:27,532 SBS INFO    successfully received a response from the SB API endpoint https://opendata.socrata.com/resource/xy4y-c4mk.json?$limit=50000
2016-09-30 01:37:27,582 SBS INFO    shape of the dataframe: (2200, 21)
2016-09-30 01:37:27,582 SBS INFO    the dataframe contains the following columns Index([u'brand', u'city', u'coordinates', u'country', u'country_subdivision',
       u'current_timezone_offset', u'first_seen', u'latitude', u'longitude',
       u'name', u'olson_timezone', u'ownership_type', u'phone_number',
       u'postal_code', u'store_id', u'store_number', u'street_1', u'street_2',
       u'street_3', u'street_combined', u'timezone'],
      dtype='object')
2016-09-30 01:37:27,582 SBS INFO    about to get WB data...
2016-09-30 01:37:27,582 SBS INFO    about to get SB data...
2016-09-30 01:37:27,582 SBS INFO    about to clean data...
2016-09-30 01:37:27,582 SBS INFO    about to clean data...
2016-09-30 01:37:27,582 SBS INFO    about to clean data...
2016-09-30 01:37:27,582 SBS INFO    about to clean data...
2016-09-30 01:37:27,582 SBS INFO    all done, existing...
