11-06 14:27:40,SBS,main.py:100,INFO, -------------------------------------------------------------------------
11-06 14:27:40,SBS,main.py:101,INFO, SBS v0.1: A data science tale about a coffee company
11-06 14:27:40,SBS,main.py:102,INFO, Author: Amit Arora, aa1603@georgetown.edu
11-06 14:27:40,SBS,main.py:103,INFO, -------------------------------------------------------------------------
11-06 14:27:40,SBS,main.py:144,INFO, Begin SB analysis, logs available on console and in .\output\SBS.log
11-06 14:27:40,SBS,analyze.py:213,INFO, Begin SB + WB data analysis..
11-06 14:27:40,SBS,analyze.py:214,INFO, run analysis...
11-06 14:27:40,SBS,analyze.py:107,INFO, combining datasets...
11-06 14:27:40,SBS,utils.py:280,INFO, data quality score for dataset is 61.209150
11-06 14:27:40,SBS,analyze.py:132,INFO, LP.LPI.OVRL.XQ is only 88.888889 full, dropping it...
11-06 14:27:40,SBS,analyze.py:132,INFO, IC.GOV.DURS.ZS is only 8.333333 full, dropping it...
11-06 14:27:40,SBS,analyze.py:132,INFO, SL.SRV.EMPL.ZS is only 54.166667 full, dropping it...
11-06 14:27:40,SBS,analyze.py:132,INFO, EG.ELC.ACCS.UR.ZS is only 0.000000 full, dropping it...
11-06 14:27:41,SBS,analyze.py:132,INFO, EN.ATM.CO2E.EG.ZS is only 0.000000 full, dropping it...
11-06 14:27:41,SBS,analyze.py:132,INFO, SL.EMP.1524.SP.FE.NE.ZS is only 55.555556 full, dropping it...
11-06 14:27:41,SBS,analyze.py:132,INFO, EG.ELC.RNEW.ZS is only 0.000000 full, dropping it...
11-06 14:27:41,SBS,analyze.py:132,INFO, FB.ATM.TOTL.P5 is only 86.111111 full, dropping it...
11-06 14:27:41,SBS,analyze.py:132,INFO, SI.POV.GINI is only 16.666667 full, dropping it...
11-06 14:27:41,SBS,analyze.py:132,INFO, IC.TAX.METG is only 8.333333 full, dropping it...
11-06 14:27:41,SBS,analyze.py:132,INFO, SL.EMP.WORK.ZS is only 38.888889 full, dropping it...
11-06 14:27:41,SBS,analyze.py:132,INFO, IC.ELC.DURS is only 8.333333 full, dropping it...
11-06 14:27:41,SBS,analyze.py:132,INFO, IC.FRM.ISOC.ZS is only 8.333333 full, dropping it...
11-06 14:27:41,SBS,analyze.py:132,INFO, SL.TLF.ACTI.1524.NE.ZS is only 59.722222 full, dropping it...
11-06 14:27:41,SBS,analyze.py:132,INFO, EG.ELC.ACCS.ZS is only 0.000000 full, dropping it...
11-06 14:27:41,SBS,analyze.py:132,INFO, FI.RES.TOTL.DT.ZS is only 37.500000 full, dropping it...
11-06 14:27:41,SBS,analyze.py:132,INFO, DT.ODA.ODAT.PC.ZS is only 37.500000 full, dropping it...
11-06 14:27:41,SBS,analyze.py:132,INFO, IC.TAX.OTHR.CP.ZS is only 83.333333 full, dropping it...
11-06 14:27:41,SBS,analyze.py:132,INFO, WP15163_4.1 is only 34.722222 full, dropping it...
11-06 14:27:41,SBS,analyze.py:132,INFO, EN.URB.LCTY.UR.ZS is only 87.500000 full, dropping it...
11-06 14:27:41,SBS,analyze.py:132,INFO, SL.IND.EMPL.ZS is only 54.166667 full, dropping it...
11-06 14:27:41,SBS,analyze.py:132,INFO, VC.PKP.TOTL.UN is only 1.388889 full, dropping it...
11-06 14:27:41,SBS,analyze.py:132,INFO, AG.LND.TOTL.RU.K2 is only 0.000000 full, dropping it...
11-06 14:27:41,SBS,analyze.py:132,INFO, SL.EMP.SELF.ZS is only 38.888889 full, dropping it...
11-06 14:27:41,SBS,analyze.py:132,INFO, EN.CLC.MDAT.ZS is only 0.000000 full, dropping it...
11-06 14:27:41,SBS,analyze.py:132,INFO, SL.EMP.TOTL.SP.FE.NE.ZS is only 63.888889 full, dropping it...
11-06 14:27:41,SBS,analyze.py:132,INFO, IC.ELC.OUTG is only 6.944444 full, dropping it...
11-06 14:27:41,SBS,analyze.py:132,INFO, CM.MKT.TRAD.CD is only 72.222222 full, dropping it...
11-06 14:27:41,SBS,analyze.py:132,INFO, IC.FRM.BRIB.ZS is only 8.333333 full, dropping it...
11-06 14:27:41,SBS,analyze.py:132,INFO, SI.POV.2DAY is only 18.055556 full, dropping it...
11-06 14:27:41,SBS,analyze.py:132,INFO, SL.TLF.PART.ZS is only 48.611111 full, dropping it...
11-06 14:27:41,SBS,analyze.py:132,INFO, IC.TAX.LABR.CP.ZS is only 83.333333 full, dropping it...
11-06 14:27:41,SBS,analyze.py:132,INFO, CM.MKT.TRAD.GD.ZS is only 72.222222 full, dropping it...
11-06 14:27:41,SBS,analyze.py:132,INFO, EN.ATM.PM25.MC.ZS is only 0.000000 full, dropping it...
11-06 14:27:41,SBS,analyze.py:132,INFO, IC.FRM.DURS is only 8.333333 full, dropping it...
11-06 14:27:41,SBS,analyze.py:132,INFO, IC.CUS.DURS.EX is only 8.333333 full, dropping it...
11-06 14:27:41,SBS,analyze.py:132,INFO, ST.INT.RCPT.XP.ZS is only 87.500000 full, dropping it...
11-06 14:27:41,SBS,analyze.py:132,INFO, SL.EMP.MPYR.ZS is only 37.500000 full, dropping it...
11-06 14:27:41,SBS,analyze.py:132,INFO, WP_time_01.1 is only 86.111111 full, dropping it...
11-06 14:27:41,SBS,analyze.py:132,INFO, IC.TAX.GIFT.ZS is only 8.333333 full, dropping it...
11-06 14:27:41,SBS,analyze.py:132,INFO, EN.POP.SLUM.UR.ZS is only 29.166667 full, dropping it...
11-06 14:27:41,SBS,analyze.py:132,INFO, SL.EMP.TOTL.SP.MA.NE.ZS is only 63.888889 full, dropping it...
11-06 14:27:41,SBS,analyze.py:132,INFO, DT.DOD.PVLX.GN.ZS is only 33.333333 full, dropping it...
11-06 14:27:41,SBS,analyze.py:132,INFO, IC.BUS.NDNS.ZS is only 54.166667 full, dropping it...
11-06 14:27:41,SBS,analyze.py:132,INFO, SL.ISV.IFRM.ZS is only 0.000000 full, dropping it...
11-06 14:27:41,SBS,analyze.py:132,INFO, SE.ADT.LITR.ZS is only 65.277778 full, dropping it...
11-06 14:27:41,SBS,analyze.py:132,INFO, AG.LND.TOTL.UR.K2 is only 0.000000 full, dropping it...
11-06 14:27:41,SBS,analyze.py:132,INFO, SL.UEM.NEET.ZS is only 36.111111 full, dropping it...
11-06 14:27:41,SBS,utils.py:280,INFO, data quality score for dataset is 99.812312
11-06 14:27:42,SBS,analyze.py:224,INFO, writing the combined WB and SB dataset to a file
11-06 14:27:42,SBS,analyze.py:225,INFO,    country_code  IC.TAX.TOTL.CP.ZS  IC.BUS.EASE.XQ  IC.BUS.DISC.XQ  \
0            GR          49.600000       60.000000        7.000000   
2            SA          15.000000       82.000000        8.000000   
7            CN          67.800000       84.000000       10.000000   
14           MC          40.336765       55.647059        6.608824   
18           DK          24.500000        3.000000        7.000000   

    ST.INT.ARVL  IC.REG.COST.PC.ZS  FP.CPI.TOTL.ZG  IC.EXP.COST.CD  \
0    22033000.0           2.200000       -1.735902     1040.000000   
2    18259000.0           4.100000        2.184637     1285.000000   
7    55622000.0           0.700000        1.442555      823.000000   
14     329000.0           8.280882        1.716046     1184.598529   
18   10267000.0           0.200000        0.452034      795.000000   

    IT.NET.USER.P2  NY.GNP.PCAP.CD       ...        SP.POP.TOTL.Categorical  \
0        66.835000    20290.000000       ...                              M   
2        69.616236    23550.000000       ...                              H   
7        50.300000     7820.000000       ...                             VH   
14       93.363302    25603.030303       ...                             VL   
18       96.330500    58590.000000       ...                              M   

    Num.Starbucks.Stores  Num.Starbucks.Stores.Categorical  \
0                     28                                 M   
2                     92                                 H   
7                   2563                                VH   
14                     2                                VL   
18                    21                                 M   

    Starbucks.Store.Density  Starbucks.Store.Density.Categorical  \
0                  0.258691                                    M   
2                  0.291690                                    M   
7                  0.186914                                    M   
14                 5.300681                                   VH   
18                 0.369979                                    H   

    Num.Starbucks.Stores.On.Airports  Exists.In.Multiple.Cities  \
0                                  0                       True   
2                                  7                       True   
7                                  8                       True   
14                                 0                      False   
18                                 3                       True   

    Ownership.Type.Mixed  continent  MultipleBrands  
0                  False     Europe           False  
2                  False       Asia           False  
7                   True       Asia           False  
14                 False     Europe           False  
18                 False     Europe           False  

[5 rows x 48 columns]
11-06 14:27:42,SBS,utils.py:260,INFO, Calculating r for combined dataset
11-06 14:27:42,SBS,utils.py:269,INFO, Pearson coeff(r) for Num.Starbucks.Stores and IT.NET.USER.P2 is 0.028478
11-06 14:27:42,SBS,utils.py:269,INFO, Pearson coeff(r) for Num.Starbucks.Stores and ST.INT.ARVL is 0.521326
11-06 14:27:42,SBS,utils.py:269,INFO, Pearson coeff(r) for Num.Starbucks.Stores and SP.POP.TOTL is 0.263282
11-06 14:27:42,SBS,utils.py:269,INFO, Pearson coeff(r) for IT.NET.USER.P2 and ST.INT.ARVL is 0.087930
11-06 14:27:42,SBS,utils.py:269,INFO, Pearson coeff(r) for IT.NET.USER.P2 and SP.POP.TOTL is -0.324875
11-06 14:27:42,SBS,utils.py:269,INFO, Pearson coeff(r) for ST.INT.ARVL and SP.POP.TOTL is 0.311971
11-06 14:27:44,SBS,analyze.py:200,INFO, country_code is not a numeric feature, ignoring
11-06 14:27:44,SBS,analyze.py:200,INFO, name is not a numeric feature, ignoring
11-06 14:27:44,SBS,analyze.py:200,INFO, Ease.Of.Doing.Business is not a numeric feature, ignoring
11-06 14:27:44,SBS,analyze.py:200,INFO, ST.INT.ARVL.Categorical is not a numeric feature, ignoring
11-06 14:27:44,SBS,analyze.py:200,INFO, SP.POP.TOTL.Categorical is not a numeric feature, ignoring
11-06 14:27:44,SBS,analyze.py:200,INFO, Num.Starbucks.Stores.Categorical is not a numeric feature, ignoring
11-06 14:27:44,SBS,analyze.py:200,INFO, Starbucks.Store.Density.Categorical is not a numeric feature, ignoring
11-06 14:27:44,SBS,analyze.py:200,INFO, Exists.In.Multiple.Cities is not a numeric feature, ignoring
11-06 14:27:44,SBS,analyze.py:200,INFO, Ownership.Type.Mixed is not a numeric feature, ignoring
11-06 14:27:44,SBS,analyze.py:200,INFO, continent is not a numeric feature, ignoring
11-06 14:27:44,SBS,analyze.py:200,INFO, MultipleBrands is not a numeric feature, ignoring
11-06 14:27:44,SBS,analyze.py:203,INFO, making scatter plots for Num.Starbucks.Stores w.r.t to all WDI indicators...(could take a minute)
11-06 14:27:50,SBS,clustering.py:41,INFO, doing PCA on the combined dataset...
11-06 14:27:50,SBS,clustering.py:51,INFO, country_code is not a numeric feature, ignoring for PCA
11-06 14:27:50,SBS,clustering.py:51,INFO, name is not a numeric feature, ignoring for PCA
11-06 14:27:50,SBS,clustering.py:51,INFO, Ease.Of.Doing.Business is not a numeric feature, ignoring for PCA
11-06 14:27:50,SBS,clustering.py:51,INFO, ST.INT.ARVL.Categorical is not a numeric feature, ignoring for PCA
11-06 14:27:50,SBS,clustering.py:51,INFO, SP.POP.TOTL.Categorical is not a numeric feature, ignoring for PCA
11-06 14:27:50,SBS,clustering.py:51,INFO, Num.Starbucks.Stores.Categorical is not a numeric feature, ignoring for PCA
11-06 14:27:50,SBS,clustering.py:51,INFO, Starbucks.Store.Density.Categorical is not a numeric feature, ignoring for PCA
11-06 14:27:50,SBS,clustering.py:51,INFO, Exists.In.Multiple.Cities is not a numeric feature, ignoring for PCA
11-06 14:27:50,SBS,clustering.py:51,INFO, Ownership.Type.Mixed is not a numeric feature, ignoring for PCA
11-06 14:27:50,SBS,clustering.py:51,INFO, continent is not a numeric feature, ignoring for PCA
11-06 14:27:50,SBS,clustering.py:51,INFO, MultipleBrands is not a numeric feature, ignoring for PCA
11-06 14:27:50,SBS,clustering.py:90,INFO, ====== printing results for kmeans ======
11-06 14:27:50,SBS,clustering.py:91,INFO, ====== centroids ======
11-06 14:27:50,SBS,clustering.py:93,INFO, [[-1.14933675 -0.0171076   0.06926316]
 [-2.3830346  -3.92116887 -3.65773273]
 [-4.96877618  1.94960886  0.98073963]
 [ 2.45874282 -1.5860915   2.23679143]
 [ 2.64261518  0.79773781 -0.63641245]]
11-06 14:27:50,SBS,clustering.py:94,INFO, ====== labels ======
11-06 14:27:50,SBS,clustering.py:95,INFO, [0 3 2 4 4 3 1 2 0 0 0 0 0 0 2 0 3 3 0 0 0 4 0 4 4 0 0 4 4 0 0 4 2 3 4 3 4
 4 2 4 3 4 4 1 4 4 0 0 4 4 2 0 4 0 4 1 0 0 4 2 2 4 3 3 2 0 0 0 1 1 4 3]
11-06 14:27:50,SBS,clustering.py:96,INFO, =========================================
11-06 14:27:50,SBS,clustering.py:115,INFO, 77 77 77 77
11-06 14:27:50,SBS,clustering.py:152,INFO, ====== printing results for DBSCAN ======
11-06 14:27:50,SBS,clustering.py:153,INFO, ====== core_samples ======
11-06 14:27:50,SBS,clustering.py:154,INFO, [ True False False  True  True False False False False False  True False
  True False False  True False False  True False False False  True  True
 False False False False  True  True False False False False  True False
 False False False False False False  True False False False False False
 False False False  True  True False False False False False False False
 False False False False False False False False False False False False]
11-06 14:27:50,SBS,clustering.py:155,INFO, ====== labels ======
11-06 14:27:50,SBS,clustering.py:156,INFO, [ 0 -1 -1  1  2 -1 -1 -1  0 -1  0 -1  0 -1 -1  0 -1 -1  0 -1 -1 -1  0  2  1
 -1 -1 -1  2  0 -1 -1 -1 -1  2 -1  1  2 -1 -1 -1  2  2 -1  2  2 -1 -1  0 -1
 -1  0  2 -1 -1 -1 -1  0 -1 -1 -1  1 -1 -1 -1 -1 -1 -1 -1 -1 -1 -1]
11-06 14:27:50,SBS,clustering.py:157,INFO, Counter({-1: 47, 0: 11, 2: 10, 1: 4})
11-06 14:27:50,SBS,clustering.py:159,INFO, =========================================
11-06 14:27:51,SBS,clustering.py:182,INFO, ====== printing results for Hierarchical Agglomerative Clustering ======
11-06 14:27:51,SBS,clustering.py:183,INFO, ====== labels ======
11-06 14:27:51,SBS,clustering.py:184,INFO, [4 0 3 0 0 0 1 2 4 2 4 4 4 4 2 4 0 0 4 4 1 0 4 0 0 2 2 0 0 4 1 0 2 0 0 0 0
 0 2 3 0 0 0 1 0 0 4 4 4 0 2 4 0 4 0 1 2 4 0 2 2 0 0 0 2 4 4 1 1 1 0 0]
11-06 14:27:51,SBS,clustering.py:185,INFO, Counter({0: 31, 4: 19, 2: 12, 1: 8, 3: 2})
11-06 14:27:51,SBS,clustering.py:187,INFO, =========================================
11-06 14:27:51,SBS,assoc_rule_mining.py:123,INFO, =============== Begin Association Rules Mining ===================
11-06 14:27:51,SBS,assoc_rule_mining.py:124,INFO, mining association rules...
11-06 14:27:51,SBS,assoc_rule_mining.py:36,INFO, mining association rules for Num.Starbucks.Stores.Categorical and ST.INT.ARVL.Categorical
11-06 14:27:51,SBS,assoc_rule_mining.py:62,INFO, written all association rules with 2 features to .\output\association_rules\association_rules_2_features.csv
11-06 14:27:51,SBS,assoc_rule_mining.py:95,INFO, mining association rules for 3 features SP.POP.TOTL.Categorical,ST.INT.ARVL.Categorical -> Num.Starbucks.Stores.Categorical
11-06 14:27:51,SBS,assoc_rule_mining.py:120,INFO, written all association rules with 3 features to .\output\association_rules\association_rules_3_features.csv
11-06 14:27:51,SBS,assoc_rule_mining.py:132,INFO, =============== End Association Rules Mining ===================
11-06 14:27:51,SBS,analyze.py:156,INFO, Ttest_indResult(statistic=1.0966848393556816, pvalue=0.28557439891190844)
11-06 14:27:51,SBS,analyze.py:158,INFO, Null hypothesis for Ease.Of.Doing.Business rejected because p value is of 0.285574 is less than 0.95
11-06 14:27:51,SBS,analyze.py:166,INFO, Ttest_indResult(statistic=1.6378748673983166, pvalue=0.11262975489925334)
11-06 14:27:51,SBS,analyze.py:168,INFO, Null hypothesis for ST.INT.ARVL.Categorical rejected because p value is of 0.112630 is less than 0.95
11-06 14:27:51,SBS,regression.py:136,INFO, =============== Begin Regression ===================
11-06 14:27:51,SBS,regression.py:28,INFO, [Linear regression] Coefficients:
11-06 14:27:51,SBS,regression.py:29,INFO, [[  5.04517853e-05]]
11-06 14:27:51,SBS,regression.py:33,INFO, [Linear regression] Mean squared error: 1881105.38
11-06 14:27:51,SBS,regression.py:35,INFO, [Linear regression] Variance score: 0.27
11-06 14:27:51,SBS,regression.py:72,INFO, [Polynomial regression(degree=3)] Mean squared error: 1738918.34
11-06 14:27:51,SBS,regression.py:74,INFO, [Polynomial regression(degree=3)] Variance score: 0.33
11-06 14:27:51,SBS,utils.py:290,INFO, country_code is not a numeric feature, ignoring
11-06 14:27:51,SBS,utils.py:290,INFO, name is not a numeric feature, ignoring
11-06 14:27:51,SBS,utils.py:290,INFO, Ease.Of.Doing.Business is not a numeric feature, ignoring
11-06 14:27:51,SBS,utils.py:290,INFO, ST.INT.ARVL.Categorical is not a numeric feature, ignoring
11-06 14:27:51,SBS,utils.py:290,INFO, SP.POP.TOTL.Categorical is not a numeric feature, ignoring
11-06 14:27:51,SBS,utils.py:290,INFO, Num.Starbucks.Stores.Categorical is not a numeric feature, ignoring
11-06 14:27:51,SBS,utils.py:290,INFO, Starbucks.Store.Density.Categorical is not a numeric feature, ignoring
11-06 14:27:51,SBS,utils.py:290,INFO, Exists.In.Multiple.Cities is not a numeric feature, ignoring
11-06 14:27:51,SBS,utils.py:290,INFO, Ownership.Type.Mixed is not a numeric feature, ignoring
11-06 14:27:51,SBS,utils.py:290,INFO, continent is not a numeric feature, ignoring
11-06 14:27:51,SBS,utils.py:290,INFO, MultipleBrands is not a numeric feature, ignoring
11-06 14:27:51,SBS,classification.py:58,INFO, feature names to be used  -> 
11-06 14:27:51,SBS,classification.py:59,INFO, [ 3 24 12 26  2 14  9  4 30 27 32 21 10 31  6]
11-06 14:27:51,SBS,classification.py:60,INFO, feature name, importance for predicted feature Num.Starbucks.Stores.Categorical
11-06 14:27:51,SBS,classification.py:62,INFO, ST.INT.ARVL 0.057087
11-06 14:27:51,SBS,classification.py:62,INFO, SP.POP.TOTL 0.056987
11-06 14:27:51,SBS,classification.py:62,INFO, TX.VAL.TECH.CD 0.052939
11-06 14:27:51,SBS,classification.py:62,INFO, IC.REG.PROC 0.047263
11-06 14:27:51,SBS,classification.py:62,INFO, IC.BUS.DISC.XQ 0.043109
11-06 14:27:51,SBS,classification.py:62,INFO, IC.ISV.DURS 0.039516
11-06 14:27:51,SBS,classification.py:62,INFO, BG.GSR.NFSV.GD.ZS 0.036804
11-06 14:27:51,SBS,classification.py:62,INFO, IC.REG.COST.PC.ZS 0.036753
11-06 14:27:51,SBS,classification.py:62,INFO, BX.KLT.DINV.WD.GD.ZS 0.035501
11-06 14:27:51,SBS,classification.py:62,INFO, IC.IMP.COST.CD 0.034375
11-06 14:27:51,SBS,classification.py:62,INFO, SH.H2O.SAFE.ZS 0.032977
11-06 14:27:51,SBS,classification.py:62,INFO, SP.URB.TOTL.IN.ZS 0.030620
11-06 14:27:51,SBS,classification.py:62,INFO, IC.ELC.TIME 0.030553
11-06 14:27:51,SBS,classification.py:62,INFO, SP.URB.GROW 0.030267
11-06 14:27:51,SBS,classification.py:62,INFO, IC.EXP.COST.CD 0.029967
11-06 14:27:51,SBS,regression.py:102,INFO, [Multivariate Linear regression] Coefficients:
11-06 14:27:51,SBS,regression.py:103,INFO, [[  4.55631108e-05   9.67242256e-07   1.05741159e-09  -2.61952205e+01
   -4.56628075e+01  -6.69471084e+01  -2.31704576e+00   7.75185278e-01
    7.33511236e+00  -2.86522090e-03  -3.36601363e+01   9.04627669e+00
    6.60481622e-02   4.72622208e+00  -4.61467400e-03]]
11-06 14:27:51,SBS,regression.py:107,INFO, [Multivariate Linear regression] Mean squared error: 1805066.12
11-06 14:27:51,SBS,regression.py:109,INFO, [Multivariate Linear regression] Variance score: 0.30
11-06 14:27:51,SBS,utils.py:290,INFO, country_code is not a numeric feature, ignoring
11-06 14:27:51,SBS,utils.py:290,INFO, name is not a numeric feature, ignoring
11-06 14:27:51,SBS,utils.py:290,INFO, Ease.Of.Doing.Business is not a numeric feature, ignoring
11-06 14:27:51,SBS,utils.py:290,INFO, ST.INT.ARVL.Categorical is not a numeric feature, ignoring
11-06 14:27:51,SBS,utils.py:290,INFO, SP.POP.TOTL.Categorical is not a numeric feature, ignoring
11-06 14:27:51,SBS,utils.py:290,INFO, Num.Starbucks.Stores.Categorical is not a numeric feature, ignoring
11-06 14:27:51,SBS,utils.py:290,INFO, Starbucks.Store.Density.Categorical is not a numeric feature, ignoring
11-06 14:27:51,SBS,utils.py:290,INFO, Exists.In.Multiple.Cities is not a numeric feature, ignoring
11-06 14:27:51,SBS,utils.py:290,INFO, Ownership.Type.Mixed is not a numeric feature, ignoring
11-06 14:27:51,SBS,utils.py:290,INFO, continent is not a numeric feature, ignoring
11-06 14:27:51,SBS,utils.py:290,INFO, MultipleBrands is not a numeric feature, ignoring
11-06 14:27:51,SBS,classification.py:58,INFO, feature names to be used  -> 
11-06 14:27:51,SBS,classification.py:59,INFO, [ 3 26 14  7 30 17 12  6  9  0  4 25  2 10 19]
11-06 14:27:51,SBS,classification.py:60,INFO, feature name, importance for predicted feature Num.Starbucks.Stores.Categorical
11-06 14:27:51,SBS,classification.py:62,INFO, ST.INT.ARVL 0.095894
11-06 14:27:51,SBS,classification.py:62,INFO, IC.REG.PROC 0.044629
11-06 14:27:51,SBS,classification.py:62,INFO, IC.ISV.DURS 0.042682
11-06 14:27:51,SBS,classification.py:62,INFO, IT.NET.USER.P2 0.041897
11-06 14:27:51,SBS,classification.py:62,INFO, BX.KLT.DINV.WD.GD.ZS 0.041207
11-06 14:27:51,SBS,classification.py:62,INFO, IC.REG.DURS 0.040696
11-06 14:27:51,SBS,classification.py:62,INFO, TX.VAL.TECH.CD 0.040615
11-06 14:27:51,SBS,classification.py:62,INFO, IC.EXP.COST.CD 0.038877
11-06 14:27:51,SBS,classification.py:62,INFO, BG.GSR.NFSV.GD.ZS 0.035682
11-06 14:27:51,SBS,classification.py:62,INFO, IC.TAX.TOTL.CP.ZS 0.033720
11-06 14:27:51,SBS,classification.py:62,INFO, IC.REG.COST.PC.ZS 0.031624
11-06 14:27:51,SBS,classification.py:62,INFO, IQ.WEF.PORT.XQ 0.030025
11-06 14:27:51,SBS,classification.py:62,INFO, IC.BUS.DISC.XQ 0.029744
11-06 14:27:51,SBS,classification.py:62,INFO, IC.ELC.TIME 0.028998
11-06 14:27:51,SBS,classification.py:62,INFO, NE.CON.PRVT.PC.KD.ZG 0.028932
11-06 14:27:51,SBS,regression.py:131,INFO, [Polynomial Multivariate regression(degree=3)] Mean squared error: 1206015.05
11-06 14:27:51,SBS,regression.py:133,INFO, [Polynomial Multivariate regression(degree=3)] Variance score: 0.53
11-06 14:27:51,SBS,regression.py:151,INFO, =============== End Regression ===================
11-06 14:27:51,SBS,classification.py:126,INFO, =============== Begin Classifier ===================
11-06 14:27:51,SBS,utils.py:290,INFO, country_code is not a numeric feature, ignoring
11-06 14:27:51,SBS,utils.py:290,INFO, name is not a numeric feature, ignoring
11-06 14:27:51,SBS,utils.py:290,INFO, Ease.Of.Doing.Business is not a numeric feature, ignoring
11-06 14:27:51,SBS,utils.py:290,INFO, ST.INT.ARVL.Categorical is not a numeric feature, ignoring
11-06 14:27:51,SBS,utils.py:290,INFO, SP.POP.TOTL.Categorical is not a numeric feature, ignoring
11-06 14:27:52,SBS,utils.py:290,INFO, Num.Starbucks.Stores.Categorical is not a numeric feature, ignoring
11-06 14:27:52,SBS,utils.py:290,INFO, Starbucks.Store.Density.Categorical is not a numeric feature, ignoring
11-06 14:27:52,SBS,utils.py:290,INFO, Exists.In.Multiple.Cities is not a numeric feature, ignoring
11-06 14:27:52,SBS,utils.py:290,INFO, Ownership.Type.Mixed is not a numeric feature, ignoring
11-06 14:27:52,SBS,utils.py:290,INFO, continent is not a numeric feature, ignoring
11-06 14:27:52,SBS,utils.py:290,INFO, MultipleBrands is not a numeric feature, ignoring
11-06 14:27:52,SBS,classification.py:58,INFO, feature names to be used  -> 
11-06 14:27:52,SBS,classification.py:59,INFO, [24  6  5  3 30  0  4 29 22 12 25 31 15 28 14]
11-06 14:27:52,SBS,classification.py:60,INFO, feature name, importance for predicted feature Num.Starbucks.Stores.Categorical
11-06 14:27:52,SBS,classification.py:62,INFO, SP.POP.TOTL 0.075589
11-06 14:27:52,SBS,classification.py:62,INFO, IC.EXP.COST.CD 0.053900
11-06 14:27:52,SBS,classification.py:62,INFO, FP.CPI.TOTL.ZG 0.046242
11-06 14:27:52,SBS,classification.py:62,INFO, ST.INT.ARVL 0.044665
11-06 14:27:52,SBS,classification.py:62,INFO, BX.KLT.DINV.WD.GD.ZS 0.044114
11-06 14:27:52,SBS,classification.py:62,INFO, IC.TAX.TOTL.CP.ZS 0.038912
11-06 14:27:52,SBS,classification.py:62,INFO, IC.REG.COST.PC.ZS 0.034977
11-06 14:27:52,SBS,classification.py:62,INFO, IC.LGL.CRED.XQ 0.034838
11-06 14:27:52,SBS,classification.py:62,INFO, IC.WRH.DURS 0.034036
11-06 14:27:52,SBS,classification.py:62,INFO, TX.VAL.TECH.CD 0.033818
11-06 14:27:52,SBS,classification.py:62,INFO, IQ.WEF.PORT.XQ 0.032281
11-06 14:27:52,SBS,classification.py:62,INFO, SP.URB.GROW 0.031598
11-06 14:27:52,SBS,classification.py:62,INFO, TX.VAL.OTHR.ZS.WT 0.030980
11-06 14:27:52,SBS,classification.py:62,INFO, NE.CON.PETC.ZS 0.030164
11-06 14:27:52,SBS,classification.py:62,INFO, IC.ISV.DURS 0.029199
11-06 14:28:01,SBS,classification.py:88,INFO, ------------- Results for Num.Starbucks.Stores.Categorical-------------
11-06 14:28:01,SBS,classification.py:89,INFO, KNN: 0.393333 (0.222011)
CART: 0.480000 (0.220202)
NB: 0.446667 (0.182087)
SVM: 0.410000 (0.223134)
RandomForest: 0.600000 (0.175752)

11-06 14:28:01,SBS,classification.py:90,INFO, -----------------------------------------
11-06 14:28:01,SBS,utils.py:290,INFO, country_code is not a numeric feature, ignoring
11-06 14:28:01,SBS,utils.py:290,INFO, name is not a numeric feature, ignoring
11-06 14:28:01,SBS,utils.py:290,INFO, Ease.Of.Doing.Business is not a numeric feature, ignoring
11-06 14:28:01,SBS,utils.py:290,INFO, ST.INT.ARVL.Categorical is not a numeric feature, ignoring
11-06 14:28:01,SBS,utils.py:290,INFO, SP.POP.TOTL.Categorical is not a numeric feature, ignoring
11-06 14:28:01,SBS,utils.py:290,INFO, Num.Starbucks.Stores.Categorical is not a numeric feature, ignoring
11-06 14:28:01,SBS,utils.py:290,INFO, Starbucks.Store.Density.Categorical is not a numeric feature, ignoring
11-06 14:28:01,SBS,utils.py:290,INFO, Exists.In.Multiple.Cities is not a numeric feature, ignoring
11-06 14:28:01,SBS,utils.py:290,INFO, Ownership.Type.Mixed is not a numeric feature, ignoring
11-06 14:28:01,SBS,utils.py:290,INFO, continent is not a numeric feature, ignoring
11-06 14:28:01,SBS,utils.py:290,INFO, MultipleBrands is not a numeric feature, ignoring
11-06 14:28:01,SBS,classification.py:58,INFO, feature names to be used  -> 
11-06 14:28:01,SBS,classification.py:59,INFO, [ 3 21  0 20  8]
11-06 14:28:01,SBS,classification.py:60,INFO, feature name, importance for predicted feature Starbucks.Store.Density.Categorical
11-06 14:28:01,SBS,classification.py:62,INFO, ST.INT.ARVL 0.060335
11-06 14:28:01,SBS,classification.py:62,INFO, SP.URB.TOTL.IN.ZS 0.052337
11-06 14:28:01,SBS,classification.py:62,INFO, IC.TAX.TOTL.CP.ZS 0.050362
11-06 14:28:01,SBS,classification.py:62,INFO, SL.GDP.PCAP.EM.KD 0.046874
11-06 14:28:01,SBS,classification.py:62,INFO, NY.GNP.PCAP.CD 0.046593
11-06 14:28:09,SBS,classification.py:88,INFO, ------------- Results for Starbucks.Store.Density.Categorical-------------
11-06 14:28:09,SBS,classification.py:89,INFO, KNN: 0.336667 (0.266854)
CART: 0.393333 (0.239351)
NB: 0.326667 (0.173077)
SVM: 0.373333 (0.242579)
RandomForest: 0.463333 (0.185263)

11-06 14:28:09,SBS,classification.py:90,INFO, -----------------------------------------
11-06 14:28:09,SBS,utils.py:290,INFO, country_code is not a numeric feature, ignoring
11-06 14:28:09,SBS,utils.py:290,INFO, name is not a numeric feature, ignoring
11-06 14:28:09,SBS,utils.py:290,INFO, Ease.Of.Doing.Business is not a numeric feature, ignoring
11-06 14:28:09,SBS,utils.py:290,INFO, ST.INT.ARVL.Categorical is not a numeric feature, ignoring
11-06 14:28:09,SBS,utils.py:290,INFO, SP.POP.TOTL.Categorical is not a numeric feature, ignoring
11-06 14:28:09,SBS,utils.py:290,INFO, Num.Starbucks.Stores.Categorical is not a numeric feature, ignoring
11-06 14:28:09,SBS,utils.py:290,INFO, Starbucks.Store.Density.Categorical is not a numeric feature, ignoring
11-06 14:28:09,SBS,utils.py:290,INFO, Exists.In.Multiple.Cities is not a numeric feature, ignoring
11-06 14:28:09,SBS,utils.py:290,INFO, Ownership.Type.Mixed is not a numeric feature, ignoring
11-06 14:28:09,SBS,utils.py:290,INFO, continent is not a numeric feature, ignoring
11-06 14:28:09,SBS,utils.py:290,INFO, MultipleBrands is not a numeric feature, ignoring
11-06 14:28:09,SBS,classification.py:58,INFO, feature names to be used  -> 
11-06 14:28:09,SBS,classification.py:59,INFO, [ 3  6  4 15 24 20 14  0 31  8 12 23 30 28  1]
11-06 14:28:09,SBS,classification.py:60,INFO, feature name, importance for predicted feature Ownership.Type.Mixed
11-06 14:28:09,SBS,classification.py:62,INFO, ST.INT.ARVL 0.131576
11-06 14:28:09,SBS,classification.py:62,INFO, IC.EXP.COST.CD 0.061178
11-06 14:28:09,SBS,classification.py:62,INFO, IC.REG.COST.PC.ZS 0.058844
11-06 14:28:09,SBS,classification.py:62,INFO, TX.VAL.OTHR.ZS.WT 0.056669
11-06 14:28:09,SBS,classification.py:62,INFO, SP.POP.TOTL 0.047847
11-06 14:28:09,SBS,classification.py:62,INFO, SL.GDP.PCAP.EM.KD 0.042959
11-06 14:28:09,SBS,classification.py:62,INFO, IC.ISV.DURS 0.041253
11-06 14:28:09,SBS,classification.py:62,INFO, IC.TAX.TOTL.CP.ZS 0.040922
11-06 14:28:09,SBS,classification.py:62,INFO, SP.URB.GROW 0.039936
11-06 14:28:09,SBS,classification.py:62,INFO, NY.GNP.PCAP.CD 0.039617
11-06 14:28:09,SBS,classification.py:62,INFO, TX.VAL.TECH.CD 0.039218
11-06 14:28:09,SBS,classification.py:62,INFO, IQ.WEF.CUST.XQ 0.027075
11-06 14:28:09,SBS,classification.py:62,INFO, BX.KLT.DINV.WD.GD.ZS 0.025601
11-06 14:28:09,SBS,classification.py:62,INFO, NE.CON.PETC.ZS 0.024360
11-06 14:28:09,SBS,classification.py:62,INFO, IC.BUS.EASE.XQ 0.024276
11-06 14:28:18,SBS,classification.py:88,INFO, ------------- Results for Ownership.Type.Mixed-------------
11-06 14:28:18,SBS,classification.py:89,INFO, KNN: 0.856667 (0.173237)
CART: 0.853333 (0.195619)
NB: 0.820000 (0.117568)
SVM: 0.856667 (0.173237)
RandomForest: 0.910000 (0.147611)

11-06 14:28:18,SBS,classification.py:90,INFO, -----------------------------------------
11-06 14:28:18,SBS,classification.py:135,INFO, =============== End Classifier ===================
